\BOOKMARK [1][-]{section.1}{\376\377\000I\000n\000t\000r\000o\000d\000u\000c\000t\000i\000o\000n}{}% 1
\BOOKMARK [1][-]{section.2}{\376\377\000A\000n\000\040\000E\000x\000t\000e\000n\000s\000i\000v\000e\000\040\000F\000o\000r\000m\000\040\000C\000o\000r\000r\000e\000l\000a\000t\000e\000d\000-\000S\000i\000g\000n\000a\000l\000s\000\040\000G\000a\000m\000e}{}% 2
\BOOKMARK [1][-]{section.3}{\376\377\000R\000e\000s\000u\000l\000t\000s}{}% 3
\BOOKMARK [2][-]{subsection.3.1}{\376\377\000B\000a\000s\000e\000l\000i\000n\000e\000\040\000c\000o\000m\000p\000a\000r\000i\000s\000o\000n}{section.3}% 4
\BOOKMARK [2][-]{subsection.3.2}{\376\377\000C\000o\000s\000t\000s\000\040\000a\000n\000d\000\040\000f\000e\000e\000-\000s\000h\000i\000f\000t\000i\000n\000g\000\040\000m\000u\000l\000t\000i\000p\000l\000i\000e\000r\000s}{section.3}% 5
\BOOKMARK [2][-]{subsection.3.3}{\376\377\000R\000i\000s\000k\000\040\000a\000v\000e\000r\000s\000i\000o\000n}{section.3}% 6
\BOOKMARK [3][-]{subsubsection.3.3.1}{\376\377\000S\000h\000a\000r\000e\000d\000\040\000r\000i\000s\000k\000\040\000p\000r\000e\000f\000e\000r\000e\000n\000c\000e\000s}{subsection.3.3}% 7
\BOOKMARK [3][-]{subsubsection.3.3.2}{\376\377\000A\000s\000y\000m\000m\000e\000t\000r\000i\000c\000\040\000r\000i\000s\000k\000\040\000p\000r\000e\000f\000e\000r\000e\000n\000c\000e\000s}{subsection.3.3}% 8
\BOOKMARK [2][-]{subsection.3.4}{\376\377\000I\000n\000f\000o\000r\000m\000a\000t\000i\000o\000n\000a\000l\000\040\000e\000n\000d\000o\000w\000m\000e\000n\000t\000s}{section.3}% 9
\BOOKMARK [3][-]{subsubsection.3.4.1}{\376\377\000P\000l\000a\000y\000e\000r\000\040\000n\000o\000i\000s\000e\000\040\000l\000e\000v\000e\000l}{subsection.3.4}% 10
\BOOKMARK [3][-]{subsubsection.3.4.2}{\376\377\000I\000n\000f\000o\000r\000m\000a\000t\000i\000o\000n\000\040\000q\000u\000a\000l\000i\000t\000y\000\040\000a\000s\000y\000m\000m\000e\000t\000r\000y}{subsection.3.4}% 11
\BOOKMARK [3][-]{subsubsection.3.4.3}{\376\377\000Q\000u\000a\000l\000i\000t\000y\000\040\000o\000f\000\040\000t\000h\000e\000\040\000l\000e\000g\000a\000l\000\040\000s\000y\000s\000t\000e\000m}{subsection.3.4}% 12
\BOOKMARK [2][-]{subsection.3.5}{\376\377\000C\000o\000s\000t\000s\000\040\000s\000t\000r\000u\000c\000t\000u\000r\000e}{section.3}% 13
\BOOKMARK [3][-]{subsubsection.3.5.1}{\376\377\000R\000e\000l\000a\000t\000i\000v\000e\000\040\000c\000o\000s\000t\000s}{subsection.3.5}% 14
\BOOKMARK [3][-]{subsubsection.3.5.2}{\376\377\000T\000i\000m\000e\000\040\000a\000l\000l\000o\000c\000a\000t\000i\000o\000n\000\040\000o\000f\000\040\000c\000o\000s\000t\000s}{subsection.3.5}% 15
\BOOKMARK [2][-]{subsection.3.6}{\376\377\000G\000a\000m\000e\000\040\000s\000t\000r\000u\000c\000t\000u\000r\000e}{section.3}% 16
\BOOKMARK [3][-]{subsubsection.3.6.1}{\376\377\000D\000a\000m\000a\000g\000e\000s\000\040\000c\000a\000s\000e\000s}{subsection.3.6}% 17
\BOOKMARK [3][-]{subsubsection.3.6.2}{\376\377\000F\000e\000e\000-\000s\000h\000i\000f\000t\000i\000n\000g\000\040\000r\000u\000l\000e\000s}{subsection.3.6}% 18
\BOOKMARK [3][-]{subsubsection.3.6.3}{\376\377\000Q\000u\000i\000t\000t\000i\000n\000g\000\040\000r\000u\000l\000e\000s}{subsection.3.6}% 19
\BOOKMARK [1][-]{section.4}{\376\377\000A\000n\000a\000l\000y\000s\000i\000s}{}% 20
\BOOKMARK [2][-]{subsection.4.1}{\376\377\000M\000u\000l\000t\000i\000p\000l\000e\000\040\000e\000q\000u\000i\000l\000i\000b\000r\000i\000a}{section.4}% 21
\BOOKMARK [2][-]{subsection.4.2}{\376\377\000O\000f\000f\000-\000e\000q\000u\000i\000l\000i\000b\000r\000i\000u\000m\000\040\000p\000l\000a\000y}{section.4}% 22
\BOOKMARK [2][-]{subsection.4.3}{\376\377\000G\000a\000m\000e\000\040\000t\000r\000e\000e\000\040\000s\000i\000z\000e}{section.4}% 23
\BOOKMARK [1][-]{section.5}{\376\377\000C\000o\000n\000c\000l\000u\000s\000i\000o\000n}{}% 24
