This is pdfTeX, Version 3.141592653-2.6-1.40.26 (MiKTeX 24.4) (preloaded format=pdflatex 2024.8.15)  2 SEP 2025 08:08
entering extended mode
 restricted \write18 enabled.
 %&-line parsing enabled.
**./end_disputes.tex
(end_disputes.tex
LaTeX2e <2024-06-01> patch level 2
L3 programming layer <2024-07-20>
(C:\Users\Admin\AppData\Local\Programs\MiKTeX\tex/latex/base\article.cls
Document Class: article 2024/02/08 v1.4n Standard LaTeX document class
(C:\Users\Admin\AppData\Local\Programs\MiKTeX\tex/latex/base\size10.clo
File: size10.clo 2024/02/08 v1.4n Standard LaTeX file (size option)
)
\c@part=\count194
\c@section=\count195
\c@subsection=\count196
\c@subsubsection=\count197
\c@paragraph=\count198
\c@subparagraph=\count199
\c@figure=\count266
\c@table=\count267
\abovecaptionskip=\skip49
\belowcaptionskip=\skip50
\bibindent=\dimen141
)
(C:\Users\Admin\AppData\Local\Programs\MiKTeX\tex/latex/geometry\geometry.sty
Package: geometry 2020/01/02 v5.9 Page Geometry

(C:\Users\Admin\AppData\Local\Programs\MiKTeX\tex/latex/graphics\keyval.sty
Package: keyval 2022/05/29 v1.15 key=value parser (DPC)
\KV@toks@=\toks17
)
(C:\Users\Admin\AppData\Local\Programs\MiKTeX\tex/generic/iftex\ifvtex.sty
Package: ifvtex 2019/10/25 v1.7 ifvtex legacy package. Use iftex instead.

(C:\Users\Admin\AppData\Local\Programs\MiKTeX\tex/generic/iftex\iftex.sty
Package: iftex 2022/02/03 v1.0f TeX engine tests
))
\Gm@cnth=\count268
\Gm@cntv=\count269
\c@Gm@tempcnt=\count270
\Gm@bindingoffset=\dimen142
\Gm@wd@mp=\dimen143
\Gm@odd@mp=\dimen144
\Gm@even@mp=\dimen145
\Gm@layoutwidth=\dimen146
\Gm@layoutheight=\dimen147
\Gm@layouthoffset=\dimen148
\Gm@layoutvoffset=\dimen149
\Gm@dimlist=\toks18

(C:\Users\Admin\AppData\Local\Programs\MiKTeX\tex/latex/geometry\geometry.cfg))
(C:\Users\Admin\AppData\Local\Programs\MiKTeX\tex/latex/setspace\setspace.sty
Package: setspace 2022/12/04 v6.7b set line spacing
)
(C:\Users\Admin\AppData\Local\Programs\MiKTeX\tex/latex/biblatex\biblatex.sty
Package: biblatex 2024/03/21 v3.20 programmable bibliographies (PK/MW)

(C:\Users\Admin\AppData\Local\Programs\MiKTeX\tex/generic/pdftexcmds\pdftexcmds
.sty
Package: pdftexcmds 2020-06-27 v0.33 Utility functions of pdfTeX for LuaTeX (HO
)

(C:\Users\Admin\AppData\Local\Programs\MiKTeX\tex/generic/infwarerr\infwarerr.s
ty
Package: infwarerr 2019/12/03 v1.5 Providing info/warning/error messages (HO)
)
(C:\Users\Admin\AppData\Local\Programs\MiKTeX\tex/generic/ltxcmds\ltxcmds.sty
Package: ltxcmds 2023-12-04 v1.26 LaTeX kernel commands for general use (HO)
)
Package pdftexcmds Info: \pdf@primitive is available.
Package pdftexcmds Info: \pdf@ifprimitive is available.
Package pdftexcmds Info: \pdfdraftmode found.
) (C:\Users\Admin\AppData\Local\Programs\MiKTeX\tex/latex/etoolbox\etoolbox.sty
Package: etoolbox 2020/10/05 v2.5k e-TeX tools for LaTeX (JAW)
\etb@tempcnta=\count271
)
(C:\Users\Admin\AppData\Local\Programs\MiKTeX\tex/latex/kvoptions\kvoptions.sty
Package: kvoptions 2022-06-15 v3.15 Key value format for package options (HO)

(C:\Users\Admin\AppData\Local\Programs\MiKTeX\tex/latex/kvsetkeys\kvsetkeys.sty
Package: kvsetkeys 2022-10-05 v1.19 Key value parser (HO)
)) (C:\Users\Admin\AppData\Local\Programs\MiKTeX\tex/latex/logreq\logreq.sty
Package: logreq 2010/08/04 v1.0 xml request logger
\lrq@indent=\count272

(C:\Users\Admin\AppData\Local\Programs\MiKTeX\tex/latex/logreq\logreq.def
File: logreq.def 2010/08/04 v1.0 logreq spec v1.0
))
(C:\Users\Admin\AppData\Local\Programs\MiKTeX\tex/latex/base\ifthen.sty
Package: ifthen 2024/03/16 v1.1e Standard LaTeX ifthen package (DPC)
)
(C:\Users\Admin\AppData\Local\Programs\MiKTeX\tex/latex/url\url.sty
\Urlmuskip=\muskip17
Package: url 2013/09/16  ver 3.4  Verb mode for urls, etc.
)
\c@tabx@nest=\count273
\c@listtotal=\count274
\c@listcount=\count275
\c@liststart=\count276
\c@liststop=\count277
\c@citecount=\count278
\c@citetotal=\count279
\c@multicitecount=\count280
\c@multicitetotal=\count281
\c@instcount=\count282
\c@maxnames=\count283
\c@minnames=\count284
\c@maxitems=\count285
\c@minitems=\count286
\c@citecounter=\count287
\c@maxcitecounter=\count288
\c@savedcitecounter=\count289
\c@uniquelist=\count290
\c@uniquename=\count291
\c@refsection=\count292
\c@refsegment=\count293
\c@maxextratitle=\count294
\c@maxextratitleyear=\count295
\c@maxextraname=\count296
\c@maxextradate=\count297
\c@maxextraalpha=\count298
\c@abbrvpenalty=\count299
\c@highnamepenalty=\count300
\c@lownamepenalty=\count301
\c@maxparens=\count302
\c@parenlevel=\count303
\blx@tempcnta=\count304
\blx@tempcntb=\count305
\blx@tempcntc=\count306
\c@blx@maxsection=\count307
\blx@maxsegment@0=\count308
\blx@notetype=\count309
\blx@parenlevel@text=\count310
\blx@parenlevel@foot=\count311
\blx@sectionciteorder@0=\count312
\blx@sectionciteorderinternal@0=\count313
\blx@entrysetcounter=\count314
\blx@biblioinstance=\count315
\labelnumberwidth=\skip51
\labelalphawidth=\skip52
\biblabelsep=\skip53
\bibitemsep=\skip54
\bibnamesep=\skip55
\bibinitsep=\skip56
\bibparsep=\skip57
\bibhang=\skip58
\blx@bcfin=\read2
\blx@bcfout=\write3
\blx@langwohyphens=\language79
\c@mincomprange=\count316
\c@maxcomprange=\count317
\c@mincompwidth=\count318
Package biblatex Info: Trying to load biblatex default data model...
Package biblatex Info: ... file 'blx-dm.def' found.

(C:\Users\Admin\AppData\Local\Programs\MiKTeX\tex/latex/biblatex\blx-dm.def
File: blx-dm.def 2024/03/21 v3.20 biblatex datamodel (PK/MW)
)
Package biblatex Info: Trying to load biblatex custom data model...
Package biblatex Info: ... file 'biblatex-dm.cfg' not found.
\c@afterword=\count319
\c@savedafterword=\count320
\c@annotator=\count321
\c@savedannotator=\count322
\c@author=\count323
\c@savedauthor=\count324
\c@bookauthor=\count325
\c@savedbookauthor=\count326
\c@commentator=\count327
\c@savedcommentator=\count328
\c@editor=\count329
\c@savededitor=\count330
\c@editora=\count331
\c@savededitora=\count332
\c@editorb=\count333
\c@savededitorb=\count334
\c@editorc=\count335
\c@savededitorc=\count336
\c@foreword=\count337
\c@savedforeword=\count338
\c@holder=\count339
\c@savedholder=\count340
\c@introduction=\count341
\c@savedintroduction=\count342
\c@namea=\count343
\c@savednamea=\count344
\c@nameb=\count345
\c@savednameb=\count346
\c@namec=\count347
\c@savednamec=\count348
\c@translator=\count349
\c@savedtranslator=\count350
\c@shortauthor=\count351
\c@savedshortauthor=\count352
\c@shorteditor=\count353
\c@savedshorteditor=\count354
\c@labelname=\count355
\c@savedlabelname=\count356
\c@institution=\count357
\c@savedinstitution=\count358
\c@lista=\count359
\c@savedlista=\count360
\c@listb=\count361
\c@savedlistb=\count362
\c@listc=\count363
\c@savedlistc=\count364
\c@listd=\count365
\c@savedlistd=\count366
\c@liste=\count367
\c@savedliste=\count368
\c@listf=\count369
\c@savedlistf=\count370
\c@location=\count371
\c@savedlocation=\count372
\c@organization=\count373
\c@savedorganization=\count374
\c@origlocation=\count375
\c@savedoriglocation=\count376
\c@origpublisher=\count377
\c@savedorigpublisher=\count378
\c@publisher=\count379
\c@savedpublisher=\count380
\c@language=\count381
\c@savedlanguage=\count382
\c@origlanguage=\count383
\c@savedoriglanguage=\count384
\c@pageref=\count385
\c@savedpageref=\count386
\shorthandwidth=\skip59
\shortjournalwidth=\skip60
\shortserieswidth=\skip61
\shorttitlewidth=\skip62
\shortauthorwidth=\skip63
\shorteditorwidth=\skip64
\locallabelnumberwidth=\skip65
\locallabelalphawidth=\skip66
\localshorthandwidth=\skip67
\localshortjournalwidth=\skip68
\localshortserieswidth=\skip69
\localshorttitlewidth=\skip70
\localshortauthorwidth=\skip71
\localshorteditorwidth=\skip72
Package biblatex Info: Trying to load compatibility code...
Package biblatex Info: ... file 'blx-compat.def' found.

(C:\Users\Admin\AppData\Local\Programs\MiKTeX\tex/latex/biblatex\blx-compat.def
File: blx-compat.def 2024/03/21 v3.20 biblatex compatibility (PK/MW)
)
Package biblatex Info: Trying to load BibTeX backend compatibility...
Package biblatex Info: ... file 'blx-bibtex.def' found.

(C:\Users\Admin\AppData\Local\Programs\MiKTeX\tex/latex/biblatex\blx-bibtex.def
File: blx-bibtex.def 2024/03/21 v3.20 biblatex compatibility (PK/MW)

Package biblatex Warning: Using fall-back bibtex backend:
(biblatex)                functionality may be reduced/unavailable.

)
Package biblatex Info: Trying to load generic definitions...
Package biblatex Info: ... file 'biblatex.def' found.
 (C:\Users\Admin\AppData\Local\Programs\MiKTeX\tex/latex/biblatex\biblatex.def
File: biblatex.def 2024/03/21 v3.20 biblatex compatibility (PK/MW)
\c@textcitecount=\count387
\c@textcitetotal=\count388
\c@textcitemaxnames=\count389
\c@biburlbigbreakpenalty=\count390
\c@biburlbreakpenalty=\count391
\c@biburlnumpenalty=\count392
\c@biburlucpenalty=\count393
\c@biburllcpenalty=\count394
\biburlbigskip=\muskip18
\biburlnumskip=\muskip19
\biburlucskip=\muskip20
\biburllcskip=\muskip21
\c@smartand=\count395
)
Package biblatex Info: Trying to load bibliography style 'numeric'...
Package biblatex Info: ... file 'numeric.bbx' found.

(C:\Users\Admin\AppData\Local\Programs\MiKTeX\tex/latex/biblatex/bbx\numeric.bb
x
File: numeric.bbx 2024/03/21 v3.20 biblatex bibliography style (PK/MW)
Package biblatex Info: Trying to load bibliography style 'standard'...
Package biblatex Info: ... file 'standard.bbx' found.

(C:\Users\Admin\AppData\Local\Programs\MiKTeX\tex/latex/biblatex/bbx\standard.b
bx
File: standard.bbx 2024/03/21 v3.20 biblatex bibliography style (PK/MW)
\c@bbx:relatedcount=\count396
\c@bbx:relatedtotal=\count397
))
Package biblatex Info: Trying to load citation style 'numeric'...
Package biblatex Info: ... file 'numeric.cbx' found.

(C:\Users\Admin\AppData\Local\Programs\MiKTeX\tex/latex/biblatex/cbx\numeric.cb
x
File: numeric.cbx 2024/03/21 v3.20 biblatex citation style (PK/MW)
Package biblatex Info: Redefining '\cite'.
Package biblatex Info: Redefining '\parencite'.
Package biblatex Info: Redefining '\footcite'.
Package biblatex Info: Redefining '\footcitetext'.
Package biblatex Info: Redefining '\smartcite'.
Package biblatex Info: Redefining '\supercite'.
Package biblatex Info: Redefining '\textcite'.
Package biblatex Info: Redefining '\textcites'.
Package biblatex Info: Redefining '\cites'.
Package biblatex Info: Redefining '\parencites'.
Package biblatex Info: Redefining '\smartcites'.
)
Package biblatex Info: Trying to load configuration file...
Package biblatex Info: ... file 'biblatex.cfg' found.

(C:\Users\Admin\AppData\Local\Programs\MiKTeX\tex/latex/biblatex\biblatex.cfg
File: biblatex.cfg 
)
Package biblatex Info: Input encoding 'utf8' detected.
Package biblatex Info: Document encoding is UTF8 ....

(C:\Users\Admin\AppData\Local\Programs\MiKTeX\tex/latex/l3kernel\expl3.sty
Package: expl3 2024-07-20 L3 programming layer (loader) 

(C:\Users\Admin\AppData\Local\Programs\MiKTeX\tex/latex/l3backend\l3backend-pdf
tex.def
File: l3backend-pdftex.def 2024-05-08 L3 backend support: PDF output (pdfTeX)
\l__color_backend_stack_int=\count398
\l__pdf_internal_box=\box52
))
Package biblatex Info: ... and expl3
(biblatex)             2024-07-20 L3 programming layer (loader) 
(biblatex)             is new enough (at least 2020/04/06),
(biblatex)             setting 'casechanger=expl3'.

(C:\Users\Admin\AppData\Local\Programs\MiKTeX\tex/latex/biblatex\blx-case-expl3
.sty
(C:\Users\Admin\AppData\Local\Programs\MiKTeX\tex/latex/l3packages/xparse\xpars
e.sty
Package: xparse 2024-05-08 L3 Experimental document command parser
)
Package: blx-case-expl3 2024/03/21 v3.20 expl3 case changing code for biblatex
))
(C:\Users\Admin\AppData\Local\Programs\MiKTeX\tex/latex/graphics\graphicx.sty
Package: graphicx 2021/09/16 v1.2d Enhanced LaTeX Graphics (DPC,SPQR)

(C:\Users\Admin\AppData\Local\Programs\MiKTeX\tex/latex/graphics\graphics.sty
Package: graphics 2024/05/23 v1.4g Standard LaTeX Graphics (DPC,SPQR)

(C:\Users\Admin\AppData\Local\Programs\MiKTeX\tex/latex/graphics\trig.sty
Package: trig 2023/12/02 v1.11 sin cos tan (DPC)
)
(C:\Users\Admin\AppData\Local\Programs\MiKTeX\tex/latex/graphics-cfg\graphics.c
fg
File: graphics.cfg 2016/06/04 v1.11 sample graphics configuration
)
Package graphics Info: Driver file: pdftex.def on input line 106.

(C:\Users\Admin\AppData\Local\Programs\MiKTeX\tex/latex/graphics-def\pdftex.def
File: pdftex.def 2024/04/13 v1.2c Graphics/color driver for pdftex
))
\Gin@req@height=\dimen150
\Gin@req@width=\dimen151
) (C:\Users\Admin\AppData\Local\Programs\MiKTeX\tex/generic/babel\babel.sty
Package: babel 2024/06/26 v24.7 The Babel package
\babel@savecnt=\count399
\U@D=\dimen152
\l@unhyphenated=\language80

(C:\Users\Admin\AppData\Local\Programs\MiKTeX\tex/generic/babel\txtbabel.def)
\bbl@readstream=\read3
\bbl@dirlevel=\count400

*************************************
* Local config file bblopts.cfg used
*
(C:\Users\Admin\AppData\Local\Programs\MiKTeX\tex/latex/arabi\bblopts.cfg
File: bblopts.cfg 2005/09/08 v0.1 add Arabic and Farsi to "declared" options of
 babel
)
(C:\Users\Admin\AppData\Local\Programs\MiKTeX\tex/latex/babel-english\english.l
df
Language: english 2017/06/06 v3.3r English support from the babel system
Package babel Info: Hyphen rules for 'canadian' set to \l@english
(babel)             (\language0). Reported on input line 102.
Package babel Info: Hyphen rules for 'australian' set to \l@ukenglish
(babel)             (\language73). Reported on input line 105.
Package babel Info: Hyphen rules for 'newzealand' set to \l@ukenglish
(babel)             (\language73). Reported on input line 108.
))
(C:\Users\Admin\AppData\Local\Programs\MiKTeX\tex/generic/babel/locale/en\babel
-english.tex
Package babel Info: Importing font and identification data for english
(babel)             from babel-en.ini. Reported on input line 11.
)
(C:\Users\Admin\AppData\Local\Programs\MiKTeX\tex/latex/csquotes\csquotes.sty
Package: csquotes 2024-04-04 v5.2o context-sensitive quotations (JAW)
\csq@reset=\count401
\csq@gtype=\count402
\csq@glevel=\count403
\csq@qlevel=\count404
\csq@maxlvl=\count405
\csq@tshold=\count406
\csq@ltx@everypar=\toks19

(C:\Users\Admin\AppData\Local\Programs\MiKTeX\tex/latex/csquotes\csquotes.def
File: csquotes.def 2024-04-04 v5.2o csquotes generic definitions (JAW)
)
Package csquotes Info: Trying to load configuration file 'csquotes.cfg'...
Package csquotes Info: ... configuration file loaded successfully.

(C:\Users\Admin\AppData\Local\Programs\MiKTeX\tex/latex/csquotes\csquotes.cfg
File: csquotes.cfg 
)
Package csquotes Info: Enabling multilingual quotes.
Package csquotes Info: Redefining alias 'english' -> 'english/american'.
)
Package csquotes Info: Allocating character ".
(C:\Users\Admin\AppData\Local\Programs\MiKTeX\tex/latex/amsmath\amsmath.sty
Package: amsmath 2024/05/23 v2.17q AMS math features
\@mathmargin=\skip73

For additional information on amsmath, use the `?' option.
(C:\Users\Admin\AppData\Local\Programs\MiKTeX\tex/latex/amsmath\amstext.sty
Package: amstext 2021/08/26 v2.01 AMS text

(C:\Users\Admin\AppData\Local\Programs\MiKTeX\tex/latex/amsmath\amsgen.sty
File: amsgen.sty 1999/11/30 v2.0 generic functions
\@emptytoks=\toks20
\ex@=\dimen153
))
(C:\Users\Admin\AppData\Local\Programs\MiKTeX\tex/latex/amsmath\amsbsy.sty
Package: amsbsy 1999/11/29 v1.2d Bold Symbols
\pmbraise@=\dimen154
)
(C:\Users\Admin\AppData\Local\Programs\MiKTeX\tex/latex/amsmath\amsopn.sty
Package: amsopn 2022/04/08 v2.04 operator names
)
\inf@bad=\count407
LaTeX Info: Redefining \frac on input line 233.
\uproot@=\count408
\leftroot@=\count409
LaTeX Info: Redefining \overline on input line 398.
LaTeX Info: Redefining \colon on input line 409.
\classnum@=\count410
\DOTSCASE@=\count411
LaTeX Info: Redefining \ldots on input line 495.
LaTeX Info: Redefining \dots on input line 498.
LaTeX Info: Redefining \cdots on input line 619.
\Mathstrutbox@=\box53
\strutbox@=\box54
LaTeX Info: Redefining \big on input line 721.
LaTeX Info: Redefining \Big on input line 722.
LaTeX Info: Redefining \bigg on input line 723.
LaTeX Info: Redefining \Bigg on input line 724.
\big@size=\dimen155
LaTeX Font Info:    Redeclaring font encoding OML on input line 742.
LaTeX Font Info:    Redeclaring font encoding OMS on input line 743.
\macc@depth=\count412
LaTeX Info: Redefining \bmod on input line 904.
LaTeX Info: Redefining \pmod on input line 909.
LaTeX Info: Redefining \smash on input line 939.
LaTeX Info: Redefining \relbar on input line 969.
LaTeX Info: Redefining \Relbar on input line 970.
\c@MaxMatrixCols=\count413
\dotsspace@=\muskip22
\c@parentequation=\count414
\dspbrk@lvl=\count415
\tag@help=\toks21
\row@=\count416
\column@=\count417
\maxfields@=\count418
\andhelp@=\toks22
\eqnshift@=\dimen156
\alignsep@=\dimen157
\tagshift@=\dimen158
\tagwidth@=\dimen159
\totwidth@=\dimen160
\lineht@=\dimen161
\@envbody=\toks23
\multlinegap=\skip74
\multlinetaggap=\skip75
\mathdisplay@stack=\toks24
LaTeX Info: Redefining \[ on input line 2953.
LaTeX Info: Redefining \] on input line 2954.
)
(C:\Users\Admin\AppData\Local\Programs\MiKTeX\tex/latex/boondox\BOONDOX-cal.sty
Package: BOONDOX-cal 2017/02/25 v1.02 U/BOONDOX-cal
(C:\Users\Admin\AppData\Local\Programs\MiKTeX\tex/latex/xkeyval\xkeyval.sty
Package: xkeyval 2022/06/16 v2.9 package option processing (HA)

(C:\Users\Admin\AppData\Local\Programs\MiKTeX\tex/generic/xkeyval\xkeyval.tex
(C:\Users\Admin\AppData\Local\Programs\MiKTeX\tex/generic/xkeyval\xkvutils.tex
\XKV@toks=\toks25
\XKV@tempa@toks=\toks26
)
\XKV@depth=\count419
File: xkeyval.tex 2014/12/03 v2.7a key=value parser (HA)
))
LaTeX Font Info:    Redeclaring math alphabet \mathcal on input line 10.
LaTeX Font Info:    Overwriting math alphabet `\mathcal' in version `bold'
(Font)                  U/BOONDOX-cal/m/n --> U/BOONDOX-cal/b/n on input line 1
1.
)
(C:\Users\Admin\AppData\Local\Programs\MiKTeX\tex/latex/blindtext\blindtext.sty
Package: blindtext 2012/01/06 V2.0 blindtext-Package
(C:\Users\Admin\AppData\Local\Programs\MiKTeX\tex/latex/tools\xspace.sty
Package: xspace 2014/10/28 v1.13 Space after command names (DPC,MH)
)
\c@blindtext=\count420
\c@Blindtext=\count421
\c@blind@countparstart=\count422
\blind@countxx=\count423
\blindtext@numBlindtext=\count424
\blind@countyy=\count425
\c@blindlist=\count426
\c@blindlistlevel=\count427
\c@blindlist@level=\count428
\blind@listitem=\count429
\c@blind@listcount=\count430
\c@blind@levelcount=\count431
\blind@mathformula=\count432
\blind@Mathformula=\count433
\c@blind@randomcount=\count434
\c@blind@randommax=\count435
\c@blind@pangramcount=\count436
\c@blind@pangrammax=\count437
)
(C:\Users\Admin\AppData\Local\Programs\MiKTeX\tex/latex/caption\caption.sty
Package: caption 2023/08/05 v3.6o Customizing captions (AR)

(C:\Users\Admin\AppData\Local\Programs\MiKTeX\tex/latex/caption\caption3.sty
Package: caption3 2023/07/31 v2.4d caption3 kernel (AR)
\caption@tempdima=\dimen162
\captionmargin=\dimen163
\caption@leftmargin=\dimen164
\caption@rightmargin=\dimen165
\caption@width=\dimen166
\caption@indent=\dimen167
\caption@parindent=\dimen168
\caption@hangindent=\dimen169
Package caption Info: Standard document class detected.
)
\c@caption@flags=\count438
\c@continuedfloat=\count439
)
(C:\Users\Admin\AppData\Local\Programs\MiKTeX\tex/latex/hyperref\hyperref.sty
Package: hyperref 2024-07-10 v7.01j Hypertext links for LaTeX

(C:\Users\Admin\AppData\Local\Programs\MiKTeX\tex/generic/kvdefinekeys\kvdefine
keys.sty
Package: kvdefinekeys 2019-12-19 v1.6 Define keys (HO)
)
(C:\Users\Admin\AppData\Local\Programs\MiKTeX\tex/generic/pdfescape\pdfescape.s
ty
Package: pdfescape 2019/12/09 v1.15 Implements pdfTeX's escape features (HO)
) (C:\Users\Admin\AppData\Local\Programs\MiKTeX\tex/latex/hycolor\hycolor.sty
Package: hycolor 2020-01-27 v1.10 Color options for hyperref/bookmark (HO)
) (C:\Users\Admin\AppData\Local\Programs\MiKTeX\tex/latex/hyperref\nameref.sty
Package: nameref 2023-11-26 v2.56 Cross-referencing by name of section

(C:\Users\Admin\AppData\Local\Programs\MiKTeX\tex/latex/refcount\refcount.sty
Package: refcount 2019/12/15 v3.6 Data extraction from label references (HO)
)
(C:\Users\Admin\AppData\Local\Programs\MiKTeX\tex/generic/gettitlestring\gettit
lestring.sty
Package: gettitlestring 2019/12/15 v1.6 Cleanup title references (HO)
)
\c@section@level=\count440
)
(C:\Users\Admin\AppData\Local\Programs\MiKTeX\tex/generic/stringenc\stringenc.s
ty
Package: stringenc 2019/11/29 v1.12 Convert strings between diff. encodings (HO
)
)
\@linkdim=\dimen170
\Hy@linkcounter=\count441
\Hy@pagecounter=\count442
 (C:\Users\Admin\AppData\Local\Programs\MiKTeX\tex/latex/hyperref\pd1enc.def
File: pd1enc.def 2024-07-10 v7.01j Hyperref: PDFDocEncoding definition (HO)
Now handling font encoding PD1 ...
... no UTF-8 mapping file for font encoding PD1
) (C:\Users\Admin\AppData\Local\Programs\MiKTeX\tex/generic/intcalc\intcalc.sty
Package: intcalc 2019/12/15 v1.3 Expandable calculations with integers (HO)
)
\Hy@SavedSpaceFactor=\count443
 (C:\Users\Admin\AppData\Local\Programs\MiKTeX\tex/latex/hyperref\puenc.def
File: puenc.def 2024-07-10 v7.01j Hyperref: PDF Unicode definition (HO)
Now handling font encoding PU ...
... no UTF-8 mapping file for font encoding PU
)
Package hyperref Info: Hyper figures OFF on input line 4157.
Package hyperref Info: Link nesting OFF on input line 4162.
Package hyperref Info: Hyper index ON on input line 4165.
Package hyperref Info: Plain pages OFF on input line 4172.
Package hyperref Info: Backreferencing OFF on input line 4177.
Package hyperref Info: Implicit mode ON; LaTeX internals redefined.
Package hyperref Info: Bookmarks ON on input line 4424.
\c@Hy@tempcnt=\count444
LaTeX Info: Redefining \url on input line 4763.
\XeTeXLinkMargin=\dimen171

(C:\Users\Admin\AppData\Local\Programs\MiKTeX\tex/generic/bitset\bitset.sty
Package: bitset 2019/12/09 v1.3 Handle bit-vector datatype (HO)

(C:\Users\Admin\AppData\Local\Programs\MiKTeX\tex/generic/bigintcalc\bigintcalc
.sty
Package: bigintcalc 2019/12/15 v1.5 Expandable calculations on big integers (HO
)
))
\Fld@menulength=\count445
\Field@Width=\dimen172
\Fld@charsize=\dimen173
Package hyperref Info: Hyper figures OFF on input line 6042.
Package hyperref Info: Link nesting OFF on input line 6047.
Package hyperref Info: Hyper index ON on input line 6050.
Package hyperref Info: backreferencing OFF on input line 6057.
Package hyperref Info: Link coloring OFF on input line 6062.
Package hyperref Info: Link coloring with OCG OFF on input line 6067.
Package hyperref Info: PDF/A mode OFF on input line 6072.

(C:\Users\Admin\AppData\Local\Programs\MiKTeX\tex/latex/base\atbegshi-ltx.sty
Package: atbegshi-ltx 2021/01/10 v1.0c Emulation of the original atbegshi
package with kernel methods
)
\Hy@abspage=\count446
\c@Item=\count447
\c@Hfootnote=\count448
)
Package hyperref Info: Driver (autodetected): hpdftex.
(C:\Users\Admin\AppData\Local\Programs\MiKTeX\tex/latex/hyperref\hpdftex.def
File: hpdftex.def 2024-07-10 v7.01j Hyperref driver for pdfTeX

(C:\Users\Admin\AppData\Local\Programs\MiKTeX\tex/latex/base\atveryend-ltx.sty
Package: atveryend-ltx 2020/08/19 v1.0a Emulation of the original atveryend pac
kage
with kernel methods
)
\Fld@listcount=\count449
\c@bookmark@seq@number=\count450

(C:\Users\Admin\AppData\Local\Programs\MiKTeX\tex/latex/rerunfilecheck\rerunfil
echeck.sty
Package: rerunfilecheck 2022-07-10 v1.10 Rerun checks for auxiliary files (HO)

(C:\Users\Admin\AppData\Local\Programs\MiKTeX\tex/generic/uniquecounter\uniquec
ounter.sty
Package: uniquecounter 2019/12/15 v1.4 Provide unlimited unique counter (HO)
)
Package uniquecounter Info: New unique counter `rerunfilecheck' on input line 2
85.
)
\Hy@SectionHShift=\skip76
)
(C:\Users\Admin\AppData\Local\Programs\MiKTeX\tex/latex/amsfonts\amssymb.sty
Package: amssymb 2013/01/14 v3.01 AMS font symbols

(C:\Users\Admin\AppData\Local\Programs\MiKTeX\tex/latex/amsfonts\amsfonts.sty
Package: amsfonts 2013/01/14 v3.01 Basic AMSFonts support
\symAMSa=\mathgroup4
\symAMSb=\mathgroup5
LaTeX Font Info:    Redeclaring math symbol \hbar on input line 98.
LaTeX Font Info:    Overwriting math alphabet `\mathfrak' in version `bold'
(Font)                  U/euf/m/n --> U/euf/b/n on input line 106.
))
(C:\Users\Admin\AppData\Local\Programs\MiKTeX\tex/latex/algorithms\algorithm.st
y
Package: algorithm 2009/08/24 v0.1 Document Style `algorithm' - floating enviro
nment
 (C:\Users\Admin\AppData\Local\Programs\MiKTeX\tex/latex/float\float.sty
Package: float 2001/11/08 v1.3d Float enhancements (AL)
\c@float@type=\count451
\float@exts=\toks27
\float@box=\box55
\@float@everytoks=\toks28
\@floatcapt=\box56
)
\@float@every@algorithm=\toks29
\c@algorithm=\count452
)
(C:\Users\Admin\AppData\Local\Programs\MiKTeX\tex/latex/algorithmicx\algpseudoc
ode.sty
Package: algpseudocode 

(C:\Users\Admin\AppData\Local\Programs\MiKTeX\tex/latex/algorithmicx\algorithmi
cx.sty
Package: algorithmicx 2005/04/27 v1.2 Algorithmicx

Document Style algorithmicx 1.2 - a greatly improved `algorithmic' style
\c@ALG@line=\count453
\c@ALG@rem=\count454
\c@ALG@nested=\count455
\ALG@tlm=\skip77
\ALG@thistlm=\skip78
\c@ALG@Lnr=\count456
\c@ALG@blocknr=\count457
\c@ALG@storecount=\count458
\c@ALG@tmpcounter=\count459
\ALG@tmplength=\skip79
)
Document Style - pseudocode environments for use with the `algorithmicx' style
) (C:\Users\Admin\AppData\Local\Programs\MiKTeX\tex/latex/placeins\placeins.sty
Package: placeins 2005/04/18  v 2.2
)
Package csquotes Info: Checking for multilingual support...
Package csquotes Info: ... found 'babel' package.
 (end_disputes.aux)
\openout1 = `end_disputes.aux'.

LaTeX Font Info:    Checking defaults for OML/cmm/m/it on input line 35.
LaTeX Font Info:    ... okay on input line 35.
LaTeX Font Info:    Checking defaults for OMS/cmsy/m/n on input line 35.
LaTeX Font Info:    ... okay on input line 35.
LaTeX Font Info:    Checking defaults for OT1/cmr/m/n on input line 35.
LaTeX Font Info:    ... okay on input line 35.
LaTeX Font Info:    Checking defaults for T1/cmr/m/n on input line 35.
LaTeX Font Info:    ... okay on input line 35.
LaTeX Font Info:    Checking defaults for TS1/cmr/m/n on input line 35.
LaTeX Font Info:    ... okay on input line 35.
LaTeX Font Info:    Checking defaults for OMX/cmex/m/n on input line 35.
LaTeX Font Info:    ... okay on input line 35.
LaTeX Font Info:    Checking defaults for U/cmr/m/n on input line 35.
LaTeX Font Info:    ... okay on input line 35.
LaTeX Font Info:    Checking defaults for PD1/pdf/m/n on input line 35.
LaTeX Font Info:    ... okay on input line 35.
LaTeX Font Info:    Checking defaults for PU/pdf/m/n on input line 35.
LaTeX Font Info:    ... okay on input line 35.

*geometry* driver: auto-detecting
*geometry* detected driver: pdftex
*geometry* verbose mode - [ preamble ] result:
* driver: pdftex
* paper: <default>
* layout: <same size as paper>
* layoutoffset:(h,v)=(0.0pt,0.0pt)
* modes: 
* h-part:(L,W,R)=(72.26999pt, 469.75502pt, 72.26999pt)
* v-part:(T,H,B)=(72.26999pt, 650.43001pt, 72.26999pt)
* \paperwidth=614.295pt
* \paperheight=794.96999pt
* \textwidth=469.75502pt
* \textheight=650.43001pt
* \oddsidemargin=0.0pt
* \evensidemargin=0.0pt
* \topmargin=-37.0pt
* \headheight=12.0pt
* \headsep=25.0pt
* \topskip=10.0pt
* \footskip=30.0pt
* \marginparwidth=65.0pt
* \marginparsep=11.0pt
* \columnsep=10.0pt
* \skip\footins=9.0pt plus 4.0pt minus 2.0pt
* \hoffset=0.0pt
* \voffset=0.0pt
* \mag=1000
* \@twocolumnfalse
* \@twosidefalse
* \@mparswitchfalse
* \@reversemarginfalse
* (1in=72.27pt=25.4mm, 1cm=28.453pt)

Package biblatex Info: Trying to load language 'english'...
Package biblatex Info: ... file 'english.lbx' found.

(C:\Users\Admin\AppData\Local\Programs\MiKTeX\tex/latex/biblatex/lbx\english.lb
x
File: english.lbx 2024/03/21 v3.20 biblatex localization (PK/MW)
)
Package biblatex Info: Input encoding 'utf8' detected.
Package biblatex Info: Automatic encoding selection.
(biblatex)             Assuming data encoding 'utf8'.
Package biblatex Info: Input encoding 'utf8' detected.
Package biblatex Info: Data encoding 'utf8' specified.
(biblatex)             No need to reencode data.
\openout3 = `end_disputes-blx.bib'.

Package biblatex Info: Trying to load bibliographic data...
Package biblatex Info: ... file 'end_disputes.bbl' found.
 (end_disputes.bbl)
Package biblatex Info: Reference section=0 on input line 35.
Package biblatex Info: Reference segment=0 on input line 35.

(C:\Users\Admin\AppData\Local\Programs\MiKTeX\tex/context/base/mkii\supp-pdf.mk
ii
[Loading MPS to PDF converter (version 2006.09.02).]
\scratchcounter=\count460
\scratchdimen=\dimen174
\scratchbox=\box57
\nofMPsegments=\count461
\nofMParguments=\count462
\everyMPshowfont=\toks30
\MPscratchCnt=\count463
\MPscratchDim=\dimen175
\MPnumerator=\count464
\makeMPintoPDFobject=\count465
\everyMPtoPDFconversion=\toks31
)
(C:\Users\Admin\AppData\Local\Programs\MiKTeX\tex/latex/epstopdf-pkg\epstopdf-b
ase.sty
Package: epstopdf-base 2020-01-24 v2.11 Base part for package epstopdf
Package epstopdf-base Info: Redefining graphics rule for `.eps' on input line 4
85.

(C:\Users\Admin\AppData\Local\Programs\MiKTeX\tex/latex/00miktex\epstopdf-sys.c
fg
File: epstopdf-sys.cfg 2021/03/18 v2.0 Configuration of epstopdf for MiKTeX
))
Package csquotes Info: Making character " active on input line 35.
Package caption Info: Begin \AtBeginDocument code.
Package caption Info: float package is loaded.
Package caption Info: hyperref package is loaded.
Package caption Info: End \AtBeginDocument code.
Package hyperref Info: Link coloring OFF on input line 35.
 (end_disputes.out) (end_disputes.out)
\@outlinefile=\write4
\openout4 = `end_disputes.out'.

LaTeX Font Info:    Trying to load font information for U+msa on input line 42.


(C:\Users\Admin\AppData\Local\Programs\MiKTeX\tex/latex/amsfonts\umsa.fd
File: umsa.fd 2013/01/14 v3.01 AMS symbols A
)
LaTeX Font Info:    Trying to load font information for U+msb on input line 42.


(C:\Users\Admin\AppData\Local\Programs\MiKTeX\tex/latex/amsfonts\umsb.fd
File: umsb.fd 2013/01/14 v3.01 AMS symbols B
)

[1

{C:/Users/Admin/AppData/Local/MiKTeX/fonts/map/pdftex/pdftex.map}]

[2]

[3]

[4]

[5]

[6]

[7]
LaTeX Font Info:    Trying to load font information for U+BOONDOX-cal on input 
line 99.

(C:\Users\Admin\AppData\Local\Programs\MiKTeX\tex/latex/boondox\uboondox-cal.fd
File: uboondox-cal.fd 2011/04/26 Fontinst v1.933 font definitions for U/BOONDOX
-cal.
)
LaTeX Font Info:    Font shape `U/BOONDOX-cal/m/n' will be
(Font)              scaled to size 10.0pt on input line 99.
LaTeX Font Info:    Font shape `U/BOONDOX-cal/m/n' will be
(Font)              scaled to size 7.0pt on input line 99.
LaTeX Font Info:    Font shape `U/BOONDOX-cal/m/n' will be
(Font)              scaled to size 5.0pt on input line 99.


[8]
<../Figures/smalltree.pdf, id=119, 2277.93442pt x 9788.85623pt>
File: ../Figures/smalltree.pdf Graphic file (type pdf)
<use ../Figures/smalltree.pdf>
Package pdftex.def Info: ../Figures/smalltree.pdf  used on input line 103.
(pdftex.def)             Requested size: 375.80821pt x 195.07164pt.
<../Figures/smalltree_beginning.pdf, id=122, 1263.63597pt x 470.5831pt>
File: ../Figures/smalltree_beginning.pdf Graphic file (type pdf)
<use ../Figures/smalltree_beginning.pdf>
Package pdftex.def Info: ../Figures/smalltree_beginning.pdf  used on input line
 116.
(pdftex.def)             Requested size: 469.75502pt x 174.93878pt.


[9 <../Figures/smalltree.pdf>]
<../Figures/signals_levels.pdf, id=161, 430.0366pt x 455.64427pt>
File: ../Figures/signals_levels.pdf Graphic file (type pdf)
<use ../Figures/signals_levels.pdf>
Package pdftex.def Info: ../Figures/signals_levels.pdf  used on input line 127.

(pdftex.def)             Requested size: 352.31732pt x 325.22697pt.


[10 <../Figures/smalltree_beginning.pdf>]

[11 <../Figures/signals_levels.pdf>]

[12]
<../Figures/smalltree_mid.pdf, id=341, 703.51933pt x 257.18686pt>
File: ../Figures/smalltree_mid.pdf Graphic file (type pdf)
<use ../Figures/smalltree_mid.pdf>
Package pdftex.def Info: ../Figures/smalltree_mid.pdf  used on input line 146.
(pdftex.def)             Requested size: 469.75502pt x 171.73349pt.


[13 <../Figures/smalltree_mid.pdf>]
<../Figures/smalltree_end.pdf, id=358, 548.00835pt x 143.37666pt>
File: ../Figures/smalltree_end.pdf Graphic file (type pdf)
<use ../Figures/smalltree_end.pdf>
Package pdftex.def Info: ../Figures/smalltree_end.pdf  used on input line 159.
(pdftex.def)             Requested size: 469.75502pt x 122.90334pt.
<../Figures/smalltree_end_adjudication.pdf, id=360, 548.00835pt x 143.37666pt>
File: ../Figures/smalltree_end_adjudication.pdf Graphic file (type pdf)
<use ../Figures/smalltree_end_adjudication.pdf>
Package pdftex.def Info: ../Figures/smalltree_end_adjudication.pdf  used on inp
ut line 168.
(pdftex.def)             Requested size: 469.75502pt x 122.90334pt.


[14 <../Figures/smalltree_end.pdf>]

[15 <../Figures/smalltree_end_adjudication.pdf>]
<../Figures/Cost Breakdown Baseline (All Rows).pdf, id=381, 594.94672pt x 312.9
803pt>
File: ../Figures/Cost Breakdown Baseline (All Rows).pdf Graphic file (type pdf)

<use ../Figures/Cost Breakdown Baseline (All Rows).pdf>
Package pdftex.def Info: ../Figures/Cost Breakdown Baseline (All Rows).pdf  use
d on input line 199.
(pdftex.def)             Requested size: 399.29463pt x 210.05388pt.


[16]
<../Figures/Cost Breakdown Damages Multiplier (All Rows).pdf, id=386, 594.94672
pt x 312.9803pt>
File: ../Figures/Cost Breakdown Damages Multiplier (All Rows).pdf Graphic file 
(type pdf)
<use ../Figures/Cost Breakdown Damages Multiplier (All Rows).pdf>
Package pdftex.def Info: ../Figures/Cost Breakdown Damages Multiplier (All Rows
).pdf  used on input line 212.
(pdftex.def)             Requested size: 399.29463pt x 210.05388pt.
<../Figures/Cost Breakdown Fee Shifting Multiplier (All Rows).pdf, id=387, 594.
94672pt x 312.9803pt>
File: ../Figures/Cost Breakdown Fee Shifting Multiplier (All Rows).pdf Graphic 
file (type pdf)
<use ../Figures/Cost Breakdown Fee Shifting Multiplier (All Rows).pdf>
Package pdftex.def Info: ../Figures/Cost Breakdown Fee Shifting Multiplier (All
 Rows).pdf  used on input line 221.
(pdftex.def)             Requested size: 399.29463pt x 210.05388pt.


[17 <../Figures/Cost Breakdown Baseline (All Rows).pdf> <../Figures/Cost Breakd
own Damages Multiplier (All Rows).pdf>]
<../Figures/Cost Breakdown Liability Threshold (All Rows).pdf, id=493, 594.9467
2pt x 312.9803pt>
File: ../Figures/Cost Breakdown Liability Threshold (All Rows).pdf Graphic file
 (type pdf)
<use ../Figures/Cost Breakdown Liability Threshold (All Rows).pdf>
Package pdftex.def Info: ../Figures/Cost Breakdown Liability Threshold (All Row
s).pdf  used on input line 230.
(pdftex.def)             Requested size: 399.29463pt x 210.05388pt.
<../Figures/Cost Breakdown Fee Shifting Multiplier and Damages Multiplier (All 
Rows).pdf, id=494, 594.94672pt x 312.9803pt>
File: ../Figures/Cost Breakdown Fee Shifting Multiplier and Damages Multiplier 
(All Rows).pdf Graphic file (type pdf)
<use ../Figures/Cost Breakdown Fee Shifting Multiplier and Damages Multiplier (
All Rows).pdf>
Package pdftex.def Info: ../Figures/Cost Breakdown Fee Shifting Multiplier and 
Damages Multiplier (All Rows).pdf  used on input line 241.
(pdftex.def)             Requested size: 399.29463pt x 210.05388pt.


[18 <../Figures/Cost Breakdown Fee Shifting Multiplier (All Rows).pdf> <../Figu
res/Cost Breakdown Liability Threshold (All Rows).pdf>]
<../Figures/Cost Breakdown Damages Multiplier and Liability Threshold (All Rows
).pdf, id=584, 594.94672pt x 312.9803pt>
File: ../Figures/Cost Breakdown Damages Multiplier and Liability Threshold (All
 Rows).pdf Graphic file (type pdf)
<use ../Figures/Cost Breakdown Damages Multiplier and Liability Threshold (All 
Rows).pdf>
Package pdftex.def Info: ../Figures/Cost Breakdown Damages Multiplier and Liabi
lity Threshold (All Rows).pdf  used on input line 250.
(pdftex.def)             Requested size: 399.29463pt x 210.05388pt.
<../Figures/Cost Breakdown Fee Shifting Multiplier and Liability Threshold (All
 Rows).pdf, id=585, 594.94672pt x 312.9803pt>
File: ../Figures/Cost Breakdown Fee Shifting Multiplier and Liability Threshold
 (All Rows).pdf Graphic file (type pdf)
<use ../Figures/Cost Breakdown Fee Shifting Multiplier and Liability Threshold 
(All Rows).pdf>
Package pdftex.def Info: ../Figures/Cost Breakdown Fee Shifting Multiplier and 
Liability Threshold (All Rows).pdf  used on input line 259.
(pdftex.def)             Requested size: 399.29463pt x 210.05388pt.


[19 <../Figures/Cost Breakdown Fee Shifting Multiplier and Damages Multiplier (
All Rows).pdf> <../Figures/Cost Breakdown Damages Multiplier and Liability Thre
shold (All Rows).pdf>]
<../Figures/Cost Breakdown Misestimation Level (All Rows).pdf, id=679, 594.9467
2pt x 312.9803pt>
File: ../Figures/Cost Breakdown Misestimation Level (All Rows).pdf Graphic file
 (type pdf)
<use ../Figures/Cost Breakdown Misestimation Level (All Rows).pdf>
Package pdftex.def Info: ../Figures/Cost Breakdown Misestimation Level (All Row
s).pdf  used on input line 270.
(pdftex.def)             Requested size: 399.29463pt x 210.05388pt.
<../Figures/Cost Breakdown Damages Multiplier (Risk Averse) (All Rows).pdf, id=
680, 594.94672pt x 312.9803pt>
File: ../Figures/Cost Breakdown Damages Multiplier (Risk Averse) (All Rows).pdf
 Graphic file (type pdf)
<use ../Figures/Cost Breakdown Damages Multiplier (Risk Averse) (All Rows).pdf>

Package pdftex.def Info: ../Figures/Cost Breakdown Damages Multiplier (Risk Ave
rse) (All Rows).pdf  used on input line 279.
(pdftex.def)             Requested size: 399.29463pt x 210.05388pt.


[20 <../Figures/Cost Breakdown Fee Shifting Multiplier and Liability Threshold 
(All Rows).pdf> <../Figures/Cost Breakdown Misestimation Level (All Rows).pdf>]
<../Figures/Cost Breakdown Unit Precaution Cost (All Rows).pdf, id=771, 594.946
72pt x 312.9803pt>
File: ../Figures/Cost Breakdown Unit Precaution Cost (All Rows).pdf Graphic fil
e (type pdf)
<use ../Figures/Cost Breakdown Unit Precaution Cost (All Rows).pdf>
Package pdftex.def Info: ../Figures/Cost Breakdown Unit Precaution Cost (All Ro
ws).pdf  used on input line 288.
(pdftex.def)             Requested size: 399.29463pt x 210.05388pt.
<../Figures/Cost Breakdown Information Asymmetry (All Rows).pdf, id=772, 594.94
672pt x 312.9803pt>
File: ../Figures/Cost Breakdown Information Asymmetry (All Rows).pdf Graphic fi
le (type pdf)
<use ../Figures/Cost Breakdown Information Asymmetry (All Rows).pdf>
Package pdftex.def Info: ../Figures/Cost Breakdown Information Asymmetry (All R
ows).pdf  used on input line 297.
(pdftex.def)             Requested size: 399.29463pt x 210.05388pt.


[21 <../Figures/Cost Breakdown Damages Multiplier (Risk Averse) (All Rows).pdf>
 <../Figures/Cost Breakdown Unit Precaution Cost (All Rows).pdf>]
<../Figures/Cost Breakdown Relative Costs (All Rows).pdf, id=857, 594.94672pt x
 312.9803pt>
File: ../Figures/Cost Breakdown Relative Costs (All Rows).pdf Graphic file (typ
e pdf)
<use ../Figures/Cost Breakdown Relative Costs (All Rows).pdf>
Package pdftex.def Info: ../Figures/Cost Breakdown Relative Costs (All Rows).pd
f  used on input line 306.
(pdftex.def)             Requested size: 399.29463pt x 210.05388pt.
<../Figures/Cost Breakdown Wrongful Attribution Probability (All Rows).pdf, id=
858, 594.94672pt x 312.9803pt>
File: ../Figures/Cost Breakdown Wrongful Attribution Probability (All Rows).pdf
 Graphic file (type pdf)
<use ../Figures/Cost Breakdown Wrongful Attribution Probability (All Rows).pdf>

Package pdftex.def Info: ../Figures/Cost Breakdown Wrongful Attribution Probabi
lity (All Rows).pdf  used on input line 315.
(pdftex.def)             Requested size: 399.29463pt x 210.05388pt.


[22 <../Figures/Cost Breakdown Information Asymmetry (All Rows).pdf> <../Figure
s/Cost Breakdown Relative Costs (All Rows).pdf>]
<../Figures/Cost Breakdown Court Quality (All Rows).pdf, id=946, 594.94672pt x 
312.9803pt>
File: ../Figures/Cost Breakdown Court Quality (All Rows).pdf Graphic file (type
 pdf)
<use ../Figures/Cost Breakdown Court Quality (All Rows).pdf>
Package pdftex.def Info: ../Figures/Cost Breakdown Court Quality (All Rows).pdf
  used on input line 324.
(pdftex.def)             Requested size: 399.29463pt x 210.05388pt.

Overfull \hbox (9.16263pt too wide) in paragraph at lines 332--333
\OT1/cmr/m/n/10 This ap-pendix col-lects the math-e-mat-i-cal de-tails un-der-l
y-ing the accident-probability and adjudication-resolution
 []



[23 <../Figures/Cost Breakdown Wrongful Attribution Probability (All Rows).pdf>
 <../Figures/Cost Breakdown Court Quality (All Rows).pdf>]

[24]
<../Figures/precaution.pdf, id=1046, 441.90495pt x 278.4473pt>
File: ../Figures/precaution.pdf Graphic file (type pdf)
<use ../Figures/precaution.pdf>
Package pdftex.def Info: ../Figures/precaution.pdf  used on input line 391.
(pdftex.def)             Requested size: 375.80544pt x 236.80878pt.


[25 <../Figures/precaution.pdf>]

[26]

[27]

[28]

[29]

[30]

[31]

[32]

[33]
<../Figures/signals_graph.pdf, id=1117, 303.48784pt x 254.53192pt>
File: ../Figures/signals_graph.pdf Graphic file (type pdf)
<use ../Figures/signals_graph.pdf>
Package pdftex.def Info: ../Figures/signals_graph.pdf  used on input line 642.
(pdftex.def)             Requested size: 422.77664pt x 354.59839pt.


[34 <../Figures/signals_graph.pdf>]
<../Figures/smalltree_collapsed_beginning.pdf, id=1139, 899.49754pt x 244.90497
pt>
File: ../Figures/smalltree_collapsed_beginning.pdf Graphic file (type pdf)
<use ../Figures/smalltree_collapsed_beginning.pdf>
Package pdftex.def Info: ../Figures/smalltree_collapsed_beginning.pdf  used on 
input line 653.
(pdftex.def)             Requested size: 469.75502pt x 127.90063pt.


[35 <../Figures/smalltree_collapsed_beginning.pdf>]
Overfull \hbox (14.53615pt too wide) detected at line 677
[]\OT1/cmr/m/n/10 (\OML/cmm/m/it/10 A \OT1/cmr/m/n/10 = 1 \OMS/cmsy/m/n/10 j \O
ML/cmm/m/it/10 s[] \OT1/cmr/m/n/10 = \OML/cmm/m/it/10 d;  k\OT1/cmr/m/n/10 )  =
  [] \OML/cmm/m/it/10 p[]\OT1/cmr/m/n/10 (\OML/cmm/m/it/10 ^^R; k\OT1/cmr/m/n/1
0 )  [](\OML/cmm/m/it/10 ^^R \OMS/cmsy/m/n/10 j \OML/cmm/m/it/10 s[] \OT1/cmr/m
/n/10 = \OML/cmm/m/it/10 d\OT1/cmr/m/n/10 )\OML/cmm/m/it/10 ;  []\OT1/cmr/m/n/1
0 (\OML/cmm/m/it/10 A \OT1/cmr/m/n/10 = 0 \OMS/cmsy/m/n/10 j \OML/cmm/m/it/10 s
[] \OT1/cmr/m/n/10 = \OML/cmm/m/it/10 d;  k\OT1/cmr/m/n/10 )  =  1 \OMS/cmsy/m/
n/10 ^^@ []\OT1/cmr/m/n/10 (\OML/cmm/m/it/10 A \OT1/cmr/m/n/10 = 1 \OMS/cmsy/m/
n/10 j \OML/cmm/m/it/10 s[] \OT1/cmr/m/n/10 = \OML/cmm/m/it/10 d;  k\OT1/cmr/m/
n/10 )\OML/cmm/m/it/10 :
 []



[36]

[37]

[38]

[39]

LaTeX Warning: Citation 'zinkevichetal' on page 40 undefined on input line 818.




[40]

[41]

LaTeX Warning: Citation 'hartmascolell' on page 42 undefined on input line 842.




[42]
Package hyperref Info: bookmark level for unknown algorithm defaults to 0 on in
put line 857.


LaTeX Warning: Citation 'zinkevichetal' on page 43 undefined on input line 869.




[43]

LaTeX Warning: Citation 'lanctot' on page 44 undefined on input line 871.


LaTeX Warning: Citation 'steinberger' on page 44 undefined on input line 871.


LaTeX Warning: Citation 'brownsandholm' on page 44 undefined on input line 879.




[44]

LaTeX Warning: Citation 'lanctot2013' on page 45 undefined on input line 888.


LaTeX Warning: Citation 'johanson2011' on page 45 undefined on input line 888.



[45]

[46]

[47] (end_disputes.aux)
 ***********
LaTeX2e <2024-06-01> patch level 2
L3 programming layer <2024-07-20>
 ***********


LaTeX Warning: There were undefined references.


LaTeX Warning: Label(s) may have changed. Rerun to get cross-references right.

Package rerunfilecheck Info: File `end_disputes.out' has not changed.
(rerunfilecheck)             Checksum: BE0F28CBAD70824272766D3B025613DE;2692.

Package biblatex Warning: Please (re)run BibTeX on the file(s):
(biblatex)                end_disputes
(biblatex)                and rerun LaTeX afterwards.

Package logreq Info: Writing requests to 'end_disputes.run.xml'.
\openout1 = `end_disputes.run.xml'.

 ) 
Here is how much of TeX's memory you used:
 21922 strings out of 473899
 394648 string characters out of 5726500
 1940960 words of memory out of 5000000
 44393 multiletter control sequences out of 15000+600000
 568979 words of font info for 78 fonts, out of 8000000 for 9000
 1141 hyphenation exceptions out of 8191
 69i,12n,117p,1881b,1795s stack positions out of 10000i,1000n,20000p,200000b,200000s
<C:/Users/Admin/AppData/Local/Programs/MiKTeX/fonts/type1/public/amsfonts/cm/
cmbx10.pfb><C:/Users/Admin/AppData/Local/Programs/MiKTeX/fonts/type1/public/ams
fonts/cm/cmbx12.pfb><C:/Users/Admin/AppData/Local/Programs/MiKTeX/fonts/type1/p
ublic/amsfonts/cm/cmbx9.pfb><C:/Users/Admin/AppData/Local/Programs/MiKTeX/fonts
/type1/public/amsfonts/cm/cmex10.pfb><C:/Users/Admin/AppData/Local/Programs/MiK
TeX/fonts/type1/public/amsfonts/cm/cmmi10.pfb><C:/Users/Admin/AppData/Local/Pro
grams/MiKTeX/fonts/type1/public/amsfonts/cm/cmmi5.pfb><C:/Users/Admin/AppData/L
ocal/Programs/MiKTeX/fonts/type1/public/amsfonts/cm/cmmi7.pfb><C:/Users/Admin/A
ppData/Local/Programs/MiKTeX/fonts/type1/public/amsfonts/cm/cmmi9.pfb><C:/Users
/Admin/AppData/Local/Programs/MiKTeX/fonts/type1/public/amsfonts/cm/cmr10.pfb><
C:/Users/Admin/AppData/Local/Programs/MiKTeX/fonts/type1/public/amsfonts/cm/cmr
12.pfb><C:/Users/Admin/AppData/Local/Programs/MiKTeX/fonts/type1/public/amsfont
s/cm/cmr17.pfb><C:/Users/Admin/AppData/Local/Programs/MiKTeX/fonts/type1/public
/amsfonts/cm/cmr5.pfb><C:/Users/Admin/AppData/Local/Programs/MiKTeX/fonts/type1
/public/amsfonts/cm/cmr6.pfb><C:/Users/Admin/AppData/Local/Programs/MiKTeX/font
s/type1/public/amsfonts/cm/cmr7.pfb><C:/Users/Admin/AppData/Local/Programs/MiKT
eX/fonts/type1/public/amsfonts/cm/cmr8.pfb><C:/Users/Admin/AppData/Local/Progra
ms/MiKTeX/fonts/type1/public/amsfonts/cm/cmr9.pfb><C:/Users/Admin/AppData/Local
/Programs/MiKTeX/fonts/type1/public/amsfonts/cm/cmsy10.pfb><C:/Users/Admin/AppD
ata/Local/Programs/MiKTeX/fonts/type1/public/amsfonts/cm/cmsy5.pfb><C:/Users/Ad
min/AppData/Local/Programs/MiKTeX/fonts/type1/public/amsfonts/cm/cmsy6.pfb><C:/
Users/Admin/AppData/Local/Programs/MiKTeX/fonts/type1/public/amsfonts/cm/cmsy7.
pfb><C:/Users/Admin/AppData/Local/Programs/MiKTeX/fonts/type1/public/amsfonts/c
m/cmsy9.pfb><C:/Users/Admin/AppData/Local/Programs/MiKTeX/fonts/type1/public/am
sfonts/cm/cmti10.pfb><C:/Users/Admin/AppData/Local/Programs/MiKTeX/fonts/type1/
public/amsfonts/symbols/msbm10.pfb><C:/Users/Admin/AppData/Local/Programs/MiKTe
X/fonts/type1/public/boondox/zxxrw8a.pfb>
Output written on end_disputes.pdf (47 pages, 1163288 bytes).
PDF statistics:
 1368 PDF objects out of 1440 (max. 8388607)
 141 named destinations out of 1000 (max. 500000)
 252 words of extra memory for PDF output out of 10000 (max. 10000000)

